<?xml version="1.0" encoding="UTF-8"?>
<!-- Generated by org.testng.reporters.JUnitReportReporter -->
<testsuite hostname="LAPTOP-68FBL0HI" failures="0" tests="1" name="testcase.Registration" time="52.226" errors="0" timestamp="2022-06-14T16:08:58 BDT" skipped="0">
  <testcase classname="testcase.Registration" name="registration" time="52.226"/>
  <system-out/>
</testsuite> <!-- testcase.Registration -->
