<?xml version="1.0" encoding="UTF-8"?>
<!-- Generated by org.testng.reporters.JUnitReportReporter -->
<testsuite hostname="LAPTOP-68FBL0HI" failures="0" tests="1" name="testcase.Registration" time="39.560" errors="0" timestamp="2022-06-14T21:52:24 BDT" skipped="0">
  <testcase classname="testcase.Registration" name="registration" time="39.560"/>
  <system-out/>
</testsuite> <!-- testcase.Registration -->
