<?xml version="1.0" encoding="UTF-8"?>
<!-- Generated by org.testng.reporters.JUnitReportReporter -->
<testsuite hostname="LAPTOP-68FBL0HI" failures="0" tests="4" name="testcase.Registration" time="195.124" errors="0" timestamp="2022-06-17T20:06:53 BDT" skipped="0">
  <testcase classname="testcase.Registration" name="Login" time="15.899"/>
  <system-out/>
  <testcase classname="testcase.Registration" name="Course" time="77.954"/>
  <system-out/>
  <testcase classname="testcase.Registration" name="MyCourse" time="79.599"/>
  <system-out/>
  <testcase classname="testcase.Registration" name="My_profile" time="21.672"/>
  <system-out/>
</testsuite> <!-- testcase.Registration -->
