<?xml version="1.0" encoding="UTF-8"?>
<!-- Generated by org.testng.reporters.JUnitReportReporter -->
<testsuite hostname="LAPTOP-68FBL0HI" failures="0" tests="4" name="testcase.SignIn" time="189.040" errors="0" timestamp="2022-06-17T21:30:59 BDT" skipped="0">
  <testcase classname="testcase.SignIn" name="Login" time="15.228"/>
  <system-out/>
  <testcase classname="testcase.SignIn" name="Course" time="67.311"/>
  <system-out/>
  <testcase classname="testcase.SignIn" name="MyCourse" time="79.774"/>
  <system-out/>
  <testcase classname="testcase.SignIn" name="My_profile" time="26.727"/>
  <system-out/>
</testsuite> <!-- testcase.SignIn -->
