<?xml version="1.0" encoding="UTF-8"?>
<!-- Generated by org.testng.reporters.JUnitReportReporter -->
<testsuite hostname="LAPTOP-68FBL0HI" failures="0" tests="2" name="testcase.Registration" time="53.917" errors="0" timestamp="2022-06-15T20:36:57 BDT" skipped="0">
  <testcase classname="testcase.Registration" name="Login" time="14.705"/>
  <system-out/>
  <testcase classname="testcase.Registration" name="Course" time="39.212"/>
  <system-out/>
</testsuite> <!-- testcase.Registration -->
