<?xml version="1.0" encoding="UTF-8"?>
<!-- Generated by org.testng.reporters.JUnitReportReporter -->
<testsuite hostname="LAPTOP-68FBL0HI" failures="0" tests="4" name="testcase.Login" time="172.724" errors="0" timestamp="2022-06-17T20:59:15 BDT" skipped="0">
  <testcase classname="testcase.Login" name="Login" time="15.074"/>
  <system-out/>
  <testcase classname="testcase.Login" name="Course" time="59.351"/>
  <system-out/>
  <testcase classname="testcase.Login" name="MyCourse" time="79.083"/>
  <system-out/>
  <testcase classname="testcase.Login" name="My_profile" time="19.216"/>
  <system-out/>
</testsuite> <!-- testcase.Login -->
